0 verbose cli C:\Program Files\nodejs\node.exe C:\Program Files\nodejs\node_gobal\node_modules\npm\bin\npm-cli.js
1 info using npm@8.19.3
2 info using node@v24.14.1
3 timing npm:load:whichnode Completed in 1ms
4 timing config:load:defaults Completed in 1ms
5 timing config:load:file:C:\Program Files\nodejs\node_gobal\node_modules\npm\npmrc Completed in 2ms
6 timing config:load:builtin Completed in 2ms
7 timing config:load:cli Completed in 2ms
8 timing config:load:env Completed in 0ms
9 timing config:load:file:D:\react-demo\.npmrc Completed in 0ms
10 timing config:load:project Completed in 3ms
11 timing config:load:file:C:\Users\小米\.npmrc Completed in 2ms
12 timing config:load:user Completed in 2ms
13 timing config:load:file:C:\Program Files\nodejs\node_gobal\etc\npmrc Completed in 0ms
14 timing config:load:global Completed in 0ms
15 timing config:load:validate Completed in 1ms
16 timing config:load:credentials Completed in 0ms
17 timing config:load:setEnvs Completed in 1ms
18 timing config:load Completed in 12ms
19 timing npm:load:configload Completed in 12ms
20 timing npm:load:mkdirpcache Completed in 1ms
21 timing npm:load:mkdirplogs Completed in 0ms
22 verbose title npm install @react-native-async-storage/async-storage
23 verbose argv "install" "@react-native-async-storage/async-storage" "--cache" ".npm-cache"
24 timing npm:load:setTitle Completed in 0ms
25 timing config:load:flatten Completed in 2ms
26 timing npm:load:display Completed in 2ms
27 verbose logfile logs-max:10 dir:D:\react-demo\.npm-cache\_logs
28 verbose logfile D:\react-demo\.npm-cache\_logs\2026-04-03T00_19_37_321Z-debug-0.log
29 timing npm:load:logFile Completed in 33ms
30 timing npm:load:timers Completed in 0ms
31 timing npm:load:configScope Completed in 0ms
32 timing npm:load Completed in 50ms
33 timing arborist:ctor Completed in 1ms
34 silly logfile done cleaning log files
35 timing idealTree:init Completed in 418ms
36 timing idealTree:userRequests Completed in 5ms
37 silly idealTree buildDeps
38 silly fetch manifest @react-native-async-storage/async-storage@2.2.0
39 timing arborist:ctor Completed in 0ms
40 http fetch GET 200 https://registry.npmmirror.com/@react-native-async-storage%2fasync-storage 856ms (cache miss)
41 silly fetch manifest react-native@0.81.5
42 http fetch GET 200 https://registry.npmmirror.com/npm 1546ms (cache miss)
43 http fetch GET 200 https://registry.npmmirror.com/react-native 1339ms (cache miss)
44 silly fetch manifest @types/react@~19.1.0
45 http fetch GET 200 https://registry.npmmirror.com/@types%2freact 141ms (cache miss)
46 silly fetch manifest react@19.1.0
47 http fetch GET 200 https://registry.npmmirror.com/react 789ms (cache miss)
48 silly placeDep ROOT @react-native-async-storage/async-storage@2.2.0 OK for: react-demo@1.0.0 want: 2.2.0
49 silly fetch manifest merge-options@^3.0.4
50 http fetch GET 200 https://registry.npmmirror.com/merge-options 54ms (cache miss)
51 timing idealTree:#root Completed in 3252ms
52 silly placeDep ROOT merge-options@3.0.4 OK for: @react-native-async-storage/async-storage@2.2.0 want: ^3.0.4
53 silly fetch manifest is-plain-obj@^2.1.0
54 http fetch GET 200 https://registry.npmmirror.com/is-plain-obj 62ms (cache miss)
55 timing idealTree:node_modules/@react-native-async-storage/async-storage Completed in 65ms
56 silly placeDep ROOT is-plain-obj@2.1.0 OK for: merge-options@3.0.4 want: ^2.1.0
57 timing idealTree:node_modules/merge-options Completed in 1ms
58 timing idealTree:node_modules/is-plain-obj Completed in 0ms
59 timing idealTree:buildDeps Completed in 3319ms
60 timing idealTree:fixDepFlags Completed in 5ms
61 timing idealTree Completed in 3755ms
62 timing reify:loadTrees Completed in 3755ms
63 timing reify:diffTrees Completed in 53ms
64 silly reify moves {}
65 timing reify:retireShallow Completed in 24ms
66 timing reify:createSparse Completed in 97ms
67 timing reify:loadBundles Completed in 0ms
68 silly audit bulk request {
68 silly audit   '@0no-co/graphql.web': [ '1.2.0' ],
68 silly audit   '@babel/code-frame': [ '7.29.0', '7.10.4' ],
68 silly audit   '@babel/compat-data': [ '7.29.0' ],
68 silly audit   '@babel/core': [ '7.29.0' ],
68 silly audit   '@babel/generator': [ '7.29.1' ],
68 silly audit   '@babel/helper-annotate-as-pure': [ '7.27.3' ],
68 silly audit   '@babel/helper-compilation-targets': [ '7.28.6' ],
68 silly audit   '@babel/helper-create-class-features-plugin': [ '7.28.6' ],
68 silly audit   '@babel/helper-create-regexp-features-plugin': [ '7.28.5' ],
68 silly audit   '@babel/helper-define-polyfill-provider': [ '0.6.8' ],
68 silly audit   '@babel/helper-globals': [ '7.28.0' ],
68 silly audit   '@babel/helper-member-expression-to-functions': [ '7.28.5' ],
68 silly audit   '@babel/helper-module-imports': [ '7.28.6' ],
68 silly audit   '@babel/helper-module-transforms': [ '7.28.6' ],
68 silly audit   '@babel/helper-optimise-call-expression': [ '7.27.1' ],
68 silly audit   '@babel/helper-plugin-utils': [ '7.28.6' ],
68 silly audit   '@babel/helper-remap-async-to-generator': [ '7.27.1' ],
68 silly audit   '@babel/helper-replace-supers': [ '7.28.6' ],
68 silly audit   '@babel/helper-skip-transparent-expression-wrappers': [ '7.27.1' ],
68 silly audit   '@babel/helper-string-parser': [ '7.27.1' ],
68 silly audit   '@babel/helper-validator-identifier': [ '7.28.5' ],
68 silly audit   '@babel/helper-validator-option': [ '7.27.1' ],
68 silly audit   '@babel/helper-wrap-function': [ '7.28.6' ],
68 silly audit   '@babel/helpers': [ '7.29.2' ],
68 silly audit   '@babel/highlight': [ '7.25.9' ],
68 silly audit   'ansi-styles': [ '3.2.1', '4.3.0', '5.2.0' ],
68 silly audit   chalk: [ '2.4.2', '4.1.2' ],
68 silly audit   'color-convert': [ '1.9.3', '2.0.1' ],
68 silly audit   'color-name': [ '1.1.3', '1.1.4' ],
68 silly audit   'escape-string-regexp': [ '1.0.5', '4.0.0', '2.0.0' ],
68 silly audit   'has-flag': [ '3.0.0', '4.0.0' ],
68 silly audit   'supports-color': [ '5.5.0', '8.1.1', '7.2.0' ],
68 silly audit   '@babel/parser': [ '7.29.2' ],
68 silly audit   '@babel/plugin-proposal-decorators': [ '7.29.0' ],
68 silly audit   '@babel/plugin-proposal-export-default-from': [ '7.27.1' ],
68 silly audit   '@babel/plugin-syntax-async-generators': [ '7.8.4' ],
68 silly audit   '@babel/plugin-syntax-bigint': [ '7.8.3' ],
68 silly audit   '@babel/plugin-syntax-class-properties': [ '7.12.13' ],
68 silly audit   '@babel/plugin-syntax-class-static-block': [ '7.14.5' ],
68 silly audit   '@babel/plugin-syntax-decorators': [ '7.28.6' ],
68 silly audit   '@babel/plugin-syntax-dynamic-import': [ '7.8.3' ],
68 silly audit   '@babel/plugin-syntax-export-default-from': [ '7.28.6' ],
68 silly audit   '@babel/plugin-syntax-flow': [ '7.28.6' ],
68 silly audit   '@babel/plugin-syntax-import-attributes': [ '7.28.6' ],
68 silly audit   '@babel/plugin-syntax-import-meta': [ '7.10.4' ],
68 silly audit   '@babel/plugin-syntax-json-strings': [ '7.8.3' ],
68 silly audit   '@babel/plugin-syntax-jsx': [ '7.28.6' ],
68 silly audit   '@babel/plugin-syntax-logical-assignment-operators': [ '7.10.4' ],
68 silly audit   '@babel/plugin-syntax-nullish-coalescing-operator': [ '7.8.3' ],
68 silly audit   '@babel/plugin-syntax-numeric-separator': [ '7.10.4' ],
68 silly audit   '@babel/plugin-syntax-object-rest-spread': [ '7.8.3' ],
68 silly audit   '@babel/plugin-syntax-optional-catch-binding': [ '7.8.3' ],
68 silly audit   '@babel/plugin-syntax-optional-chaining': [ '7.8.3' ],
68 silly audit   '@babel/plugin-syntax-private-property-in-object': [ '7.14.5' ],
68 silly audit   '@babel/plugin-syntax-top-level-await': [ '7.14.5' ],
68 silly audit   '@babel/plugin-syntax-typescript': [ '7.28.6' ],
68 silly audit   '@babel/plugin-transform-arrow-functions': [ '7.27.1' ],
68 silly audit   '@babel/plugin-transform-async-generator-functions': [ '7.29.0' ],
68 silly audit   '@babel/plugin-transform-async-to-generator': [ '7.28.6' ],
68 silly audit   '@babel/plugin-transform-block-scoping': [ '7.28.6' ],
68 silly audit   '@babel/plugin-transform-class-properties': [ '7.28.6' ],
68 silly audit   '@babel/plugin-transform-class-static-block': [ '7.28.6' ],
68 silly audit   '@babel/plugin-transform-classes': [ '7.28.6' ],
68 silly audit   '@babel/plugin-transform-computed-properties': [ '7.28.6' ],
68 silly audit   '@babel/plugin-transform-destructuring': [ '7.28.5' ],
68 silly audit   '@babel/plugin-transform-export-namespace-from': [ '7.27.1' ],
68 silly audit   '@babel/plugin-transform-flow-strip-types': [ '7.27.1' ],
68 silly audit   '@babel/plugin-transform-for-of': [ '7.27.1' ],
68 silly audit   '@babel/plugin-transform-function-name': [ '7.27.1' ],
68 silly audit   '@babel/plugin-transform-literals': [ '7.27.1' ],
68 silly audit   '@babel/plugin-transform-logical-assignment-operators': [ '7.28.6' ],
68 silly audit   '@babel/plugin-transform-modules-commonjs': [ '7.28.6' ],
68 silly audit   '@babel/plugin-transform-named-capturing-groups-regex': [ '7.29.0' ],
68 silly audit   '@babel/plugin-transform-nullish-coalescing-operator': [ '7.28.6' ],
68 silly audit   '@babel/plugin-transform-numeric-separator': [ '7.28.6' ],
68 silly audit   '@babel/plugin-transform-object-rest-spread': [ '7.28.6' ],
68 silly audit   '@babel/plugin-transform-optional-catch-binding': [ '7.28.6' ],
68 silly audit   '@babel/plugin-transform-optional-chaining': [ '7.28.6' ],
68 silly audit   '@babel/plugin-transform-parameters': [ '7.27.7' ],
68 silly audit   '@babel/plugin-transform-private-methods': [ '7.28.6' ],
68 silly audit   '@babel/plugin-transform-private-property-in-object': [ '7.28.6' ],
68 silly audit   '@babel/plugin-transform-react-display-name': [ '7.28.0' ],
68 silly audit   '@babel/plugin-transform-react-jsx': [ '7.28.6' ],
68 silly audit   '@babel/plugin-transform-react-jsx-development': [ '7.27.1' ],
68 silly audit   '@babel/plugin-transform-react-jsx-self': [ '7.27.1' ],
68 silly audit   '@babel/plugin-transform-react-jsx-source': [ '7.27.1' ],
68 silly audit   '@babel/plugin-transform-react-pure-annotations': [ '7.27.1' ],
68 silly audit   '@babel/plugin-transform-regenerator': [ '7.29.0' ],
68 silly audit   '@babel/plugin-transform-runtime': [ '7.29.0' ],
68 silly audit   '@babel/plugin-transform-shorthand-properties': [ '7.27.1' ],
68 silly audit   '@babel/plugin-transform-spread': [ '7.28.6' ],
68 silly audit   '@babel/plugin-transform-sticky-regex': [ '7.27.1' ],
68 silly audit   '@babel/plugin-transform-template-literals': [ '7.27.1' ],
68 silly audit   '@babel/plugin-transform-typescript': [ '7.28.6' ],
68 silly audit   '@babel/plugin-transform-unicode-regex': [ '7.27.1' ],
68 silly audit   '@babel/preset-react': [ '7.28.5' ],
68 silly audit   '@babel/preset-typescript': [ '7.28.5' ],
68 silly audit   '@babel/runtime': [ '7.29.2' ],
68 silly audit   '@babel/template': [ '7.28.6' ],
68 silly audit   '@babel/traverse': [ '7.29.0' ],
68 silly audit   '@babel/types': [ '7.29.0' ],
68 silly audit   '@egjs/hammerjs': [ '2.0.17' ],
68 silly audit   '@emnapi/core': [ '1.9.1' ],
68 silly audit   '@emnapi/runtime': [ '1.9.1' ],
68 silly audit   '@emnapi/wasi-threads': [ '1.2.0' ],
68 silly audit   '@eslint-community/eslint-utils': [ '4.9.1' ],
68 silly audit   'eslint-visitor-keys': [ '3.4.3', '5.0.1', '4.2.1' ],
68 silly audit   '@eslint-community/regexpp': [ '4.12.2' ],
68 silly audit   '@eslint/config-array': [ '0.21.2' ],
68 silly audit   '@eslint/config-helpers': [ '0.4.2' ],
68 silly audit   '@eslint/core': [ '0.17.0' ],
68 silly audit   '@eslint/eslintrc': [ '3.3.5' ],
68 silly audit   '@eslint/js': [ '9.39.4' ],
68 silly audit   '@eslint/object-schema': [ '2.1.7' ],
68 silly audit   '@eslint/plugin-kit': [ '0.4.1' ],
68 silly audit   '@expo/code-signing-certificates': [ '0.0.6' ],
68 silly audit   '@expo/config': [ '12.0.13' ],
68 silly audit   '@expo/config-plugins': [ '54.0.4' ],
68 silly audit   semver: [ '7.7.4', '7.6.3', '7.7.2', '6.3.1' ],
68 silly audit   '@expo/config-types': [ '54.0.10' ],
68 silly audit   '@expo/devcert': [ '1.2.1' ],
68 silly audit   debug: [ '3.2.7', '2.6.9', '4.4.3' ],
68 silly audit   '@expo/devtools': [ '0.1.8' ],
68 silly audit   '@expo/env': [ '2.0.11' ],
68 silly audit   '@expo/fingerprint': [ '0.15.4' ],
68 silly audit   'brace-expansion': [ '2.0.3', '5.0.5', '1.1.13' ],
68 silly audit   minimatch: [ '9.0.9', '10.2.5', '3.1.5' ],
68 silly audit   '@expo/image-utils': [ '0.8.12' ],
68 silly audit   '@expo/json-file': [ '10.0.12' ],
68 silly audit   '@expo/metro': [ '54.2.0' ],
68 silly audit   '@expo/metro-config': [ '54.0.14' ],
68 silly audit   '@expo/metro-runtime': [ '6.1.2' ],
68 silly audit   '@expo/osascript': [ '2.4.2' ],
68 silly audit   '@expo/package-manager': [ '1.10.3' ],
68 silly audit   '@expo/plist': [ '0.4.8' ],
68 silly audit   '@expo/prebuild-config': [ '54.0.8' ],
68 silly audit   '@expo/schema-utils': [ '0.1.8' ],
68 silly audit   '@expo/sdk-runtime-versions': [ '1.0.0' ],
68 silly audit   '@expo/spawn-async': [ '1.7.2' ],
68 silly audit   '@expo/sudo-prompt': [ '9.3.2' ],
68 silly audit   '@expo/vector-icons': [ '15.1.1' ],
68 silly audit   '@expo/ws-tunnel': [ '1.0.6' ],
68 silly audit   '@expo/xcpretty': [ '4.4.1' ],
68 silly audit   '@humanfs/core': [ '0.19.1' ],
68 silly audit   '@humanfs/node': [ '0.16.7' ],
68 silly audit   '@humanwhocodes/module-importer': [ '1.0.1' ],
68 silly audit   '@humanwhocodes/retry': [ '0.4.3' ],
68 silly audit   '@isaacs/fs-minipass': [ '4.0.1' ],
68 silly audit   '@isaacs/ttlcache': [ '1.4.1' ],
68 silly audit   '@istanbuljs/load-nyc-config': [ '1.1.0' ],
68 silly audit   argparse: [ '1.0.10', '2.0.1' ],
68 silly audit   camelcase: [ '5.3.1', '6.3.0' ],
68 silly audit   'find-up': [ '4.1.0', '5.0.0' ],
68 silly audit   'js-yaml': [ '3.14.2', '4.1.1' ],
68 silly audit   'locate-path': [ '5.0.0', '6.0.0' ],
68 silly audit   'p-limit': [ '2.3.0', '3.1.0' ],
68 silly audit   'p-locate': [ '4.1.0', '5.0.0' ],
68 silly audit   '@istanbuljs/schema': [ '0.1.3' ],
68 silly audit   '@jest/create-cache-key-function': [ '29.7.0' ],
68 silly audit   '@jest/environment': [ '29.7.0' ],
68 silly audit   '@jest/fake-timers': [ '29.7.0' ],
68 silly audit   '@jest/schemas': [ '29.6.3' ],
68 silly audit   '@jest/transform': [ '29.7.0' ],
68 silly audit   '@jest/types': [ '29.6.3' ],
68 silly audit   '@jridgewell/gen-mapping': [ '0.3.13' ],
68 silly audit   '@jridgewell/remapping': [ '2.3.5' ],
68 silly audit   '@jridgewell/resolve-uri': [ '3.1.2' ],
68 silly audit   '@jridgewell/source-map': [ '0.3.11' ],
68 silly audit   '@jridgewell/sourcemap-codec': [ '1.5.5' ],
68 silly audit   '@jridgewell/trace-mapping': [ '0.3.31' ],
68 silly audit   '@napi-rs/wasm-runtime': [ '0.2.12' ],
68 silly audit   '@nolyfill/is-core-module': [ '1.0.39' ],
68 silly audit   '@radix-ui/primitive': [ '1.1.3' ],
68 silly audit   '@radix-ui/react-compose-refs': [ '1.1.2' ],
68 silly audit   '@radix-ui/react-context': [ '1.1.2' ],
68 silly audit   '@radix-ui/react-direction': [ '1.1.1' ],
68 silly audit   '@radix-ui/react-focus-guards': [ '1.1.3' ],
68 silly audit   '@radix-ui/react-id': [ '1.1.1' ],
68 silly audit   '@radix-ui/react-slot': [ '1.2.0', '1.2.3' ],
68 silly audit   '@radix-ui/react-use-callback-ref': [ '1.1.1' ],
68 silly audit   '@radix-ui/react-use-controllable-state': [ '1.2.2' ],
68 silly audit   '@radix-ui/react-use-effect-event': [ '0.0.2' ],
68 silly audit   '@radix-ui/react-use-escape-keydown': [ '1.1.1' ],
68 silly audit   '@radix-ui/react-use-layout-effect': [ '1.1.1' ],
68 silly audit   '@react-native/assets-registry': [ '0.81.5' ],
68 silly audit   '@react-native/babel-plugin-codegen': [ '0.81.5' ],
68 silly audit   '@react-native/babel-preset': [ '0.81.5' ],
68 silly audit   '@react-native/codegen': [ '0.81.5' ],
68 silly audit   glob: [ '7.2.3', '13.0.6' ],
68 silly audit   '@react-native/community-cli-plugin': [ '0.81.5' ],
68 silly audit   '@react-native/debugger-frontend': [ '0.81.5' ],
68 silly audit   '@react-native/dev-middleware': [ '0.81.5' ],
68 silly audit   ws: [ '6.2.3', '8.20.0', '7.5.10' ],
68 silly audit   '@react-native/gradle-plugin': [ '0.81.5' ],
68 silly audit   '@react-native/js-polyfills': [ '0.81.5' ],
68 silly audit   '@react-native/normalize-colors': [ '0.81.5', '0.74.89' ],
68 silly audit   '@react-navigation/bottom-tabs': [ '7.15.9' ],
68 silly audit   '@react-navigation/core': [ '7.17.2' ],
68 silly audit   '@react-navigation/elements': [ '2.9.14' ],
68 silly audit   '@react-navigation/native': [ '7.2.2' ],
68 silly audit   '@react-navigation/native-stack': [ '7.14.10' ],
68 silly audit   '@react-navigation/routers': [ '7.5.3' ],
68 silly audit   '@rtsao/scc': [ '1.1.0' ],
68 silly audit   '@sinclair/typebox': [ '0.27.10' ],
68 silly audit   '@sinonjs/commons': [ '3.0.1' ],
68 silly audit   '@sinonjs/fake-timers': [ '10.3.0' ],
68 silly audit   '@tybys/wasm-util': [ '0.10.1' ],
68 silly audit   '@types/babel__core': [ '7.20.5' ],
68 silly audit   '@types/babel__generator': [ '7.27.0' ],
68 silly audit   '@types/babel__template': [ '7.4.4' ],
68 silly audit   '@types/babel__traverse': [ '7.28.0' ],
68 silly audit   '@types/estree': [ '1.0.8' ],
68 silly audit   '@types/graceful-fs': [ '4.1.9' ],
68 silly audit   '@types/hammerjs': [ '2.0.46' ],
68 silly audit   '@types/istanbul-lib-coverage': [ '2.0.6' ],
68 silly audit   '@types/istanbul-lib-report': [ '3.0.3' ],
68 silly audit   '@types/istanbul-reports': [ '3.0.4' ],
68 silly audit   '@types/json-schema': [ '7.0.15' ],
68 silly audit   '@types/json5': [ '0.0.29' ],
68 silly audit   '@types/node': [ '25.5.0' ],
68 silly audit   '@types/react': [ '19.1.17' ],
68 silly audit   '@types/stack-utils': [ '2.0.3' ],
68 silly audit   '@types/yargs': [ '17.0.35' ],
68 silly audit   '@types/yargs-parser': [ '21.0.3' ],
68 silly audit   '@typescript-eslint/eslint-plugin': [ '8.58.0' ],
68 silly audit   ignore: [ '7.0.5', '5.3.2' ],
68 silly audit   '@typescript-eslint/parser': [ '8.58.0' ],
68 silly audit   '@typescript-eslint/project-service': [ '8.58.0' ],
68 silly audit   '@typescript-eslint/scope-manager': [ '8.58.0' ],
68 silly audit   '@typescript-eslint/tsconfig-utils': [ '8.58.0' ],
68 silly audit   '@typescript-eslint/type-utils': [ '8.58.0' ],
68 silly audit   '@typescript-eslint/types': [ '8.58.0' ],
68 silly audit   '@typescript-eslint/typescript-estree': [ '8.58.0' ],
68 silly audit   'balanced-match': [ '4.0.4', '1.0.2' ],
68 silly audit   '@typescript-eslint/utils': [ '8.58.0' ],
68 silly audit   '@typescript-eslint/visitor-keys': [ '8.58.0' ],
68 silly audit   '@ungap/structured-clone': [ '1.3.0' ],
68 silly audit   '@unrs/resolver-binding-android-arm-eabi': [ '1.11.1' ],
68 silly audit   '@unrs/resolver-binding-android-arm64': [ '1.11.1' ],
68 silly audit   '@unrs/resolver-binding-darwin-arm64': [ '1.11.1' ],
68 silly audit   '@unrs/resolver-binding-darwin-x64': [ '1.11.1' ],
68 silly audit   '@unrs/resolver-binding-freebsd-x64': [ '1.11.1' ],
68 silly audit   '@unrs/resolver-binding-linux-arm-gnueabihf': [ '1.11.1' ],
68 silly audit   '@unrs/resolver-binding-linux-arm-musleabihf': [ '1.11.1' ],
68 silly audit   '@unrs/resolver-binding-linux-arm64-gnu': [ '1.11.1' ],
68 silly audit   '@unrs/resolver-binding-linux-arm64-musl': [ '1.11.1' ],
68 silly audit   '@unrs/resolver-binding-linux-ppc64-gnu': [ '1.11.1' ],
68 silly audit   '@unrs/resolver-binding-linux-riscv64-gnu': [ '1.11.1' ],
68 silly audit   '@unrs/resolver-binding-linux-riscv64-musl': [ '1.11.1' ],
68 silly audit   '@unrs/resolver-binding-linux-s390x-gnu': [ '1.11.1' ],
68 silly audit   '@unrs/resolver-binding-linux-x64-gnu': [ '1.11.1' ],
68 silly audit   '@unrs/resolver-binding-linux-x64-musl': [ '1.11.1' ],
68 silly audit   '@unrs/resolver-binding-wasm32-wasi': [ '1.11.1' ],
68 silly audit   '@unrs/resolver-binding-win32-arm64-msvc': [ '1.11.1' ],
68 silly audit   '@unrs/resolver-binding-win32-ia32-msvc': [ '1.11.1' ],
68 silly audit   '@unrs/resolver-binding-win32-x64-msvc': [ '1.11.1' ],
68 silly audit   '@urql/core': [ '5.2.0' ],
68 silly audit   '@urql/exchange-retry': [ '1.3.2' ],
68 silly audit   '@xmldom/xmldom': [ '0.8.12' ],
68 silly audit   'abort-controller': [ '3.0.0' ],
68 silly audit   accepts: [ '1.3.8' ],
68 silly audit   acorn: [ '8.16.0' ],
68 silly audit   'acorn-jsx': [ '5.3.2' ],
68 silly audit   'agent-base': [ '7.1.4' ],
68 silly audit   ajv: [ '6.14.0' ],
68 silly audit   anser: [ '1.4.10' ],
68 silly audit   'ansi-escapes': [ '4.3.2' ],
68 silly audit   'type-fest': [ '0.21.3', '0.7.1' ],
68 silly audit   'ansi-regex': [ '5.0.1', '4.1.1' ],
68 silly audit   'any-promise': [ '1.3.0' ],
68 silly audit   anymatch: [ '3.1.3' ],
68 silly audit   arg: [ '5.0.2' ],
68 silly audit   'aria-hidden': [ '1.2.6' ],
68 silly audit   'array-buffer-byte-length': [ '1.0.2' ],
68 silly audit   'array-includes': [ '3.1.9' ],
68 silly audit   'array.prototype.findlast': [ '1.2.5' ],
68 silly audit   'array.prototype.findlastindex': [ '1.2.6' ],
68 silly audit   'array.prototype.flat': [ '1.3.3' ],
68 silly audit   'array.prototype.flatmap': [ '1.3.3' ],
68 silly audit   'array.prototype.tosorted': [ '1.1.4' ],
68 silly audit   'arraybuffer.prototype.slice': [ '1.0.4' ],
68 silly audit   asap: [ '2.0.6' ],
68 silly audit   'async-function': [ '1.0.0' ],
68 silly audit   'async-limiter': [ '1.0.1' ],
68 silly audit   'available-typed-arrays': [ '1.0.7' ],
68 silly audit   'babel-jest': [ '29.7.0' ],
68 silly audit   'babel-plugin-istanbul': [ '6.1.1' ],
68 silly audit   'babel-plugin-jest-hoist': [ '29.6.3' ],
68 silly audit   'babel-plugin-polyfill-corejs2': [ '0.4.17' ],
68 silly audit   'babel-plugin-polyfill-corejs3': [ '0.13.0' ],
68 silly audit   'babel-plugin-polyfill-regenerator': [ '0.6.8' ],
68 silly audit   'babel-plugin-react-compiler': [ '1.0.0' ],
68 silly audit   'babel-plugin-react-native-web': [ '0.21.2' ],
68 silly audit   'babel-plugin-syntax-hermes-parser': [ '0.29.1' ],
68 silly audit   'babel-plugin-transform-flow-enums': [ '0.0.2' ],
68 silly audit   'babel-preset-current-node-syntax': [ '1.2.0' ],
68 silly audit   'babel-preset-expo': [ '54.0.10' ],
68 silly audit   'babel-preset-jest': [ '29.6.3' ],
68 silly audit   'base64-js': [ '1.5.1' ],
68 silly audit   'baseline-browser-mapping': [ '2.10.13' ],
68 silly audit   'better-opn': [ '3.0.2' ],
68 silly audit   open: [ '8.4.2', '7.4.2' ],
68 silly audit   'big-integer': [ '1.6.52' ],
68 silly audit   'bplist-creator': [ '0.1.0' ],
68 silly audit   'bplist-parser': [ '0.3.1' ],
68 silly audit   braces: [ '3.0.3' ],
68 silly audit   browserslist: [ '4.28.2' ],
68 silly audit   bser: [ '2.1.1' ],
68 silly audit   buffer: [ '5.7.1' ],
68 silly audit   'buffer-from': [ '1.1.2' ],
68 silly audit   bytes: [ '3.1.2' ],
68 silly audit   'call-bind': [ '1.0.8' ],
68 silly audit   'call-bind-apply-helpers': [ '1.0.2' ],
68 silly audit   'call-bound': [ '1.0.4' ],
68 silly audit   callsites: [ '3.1.0' ],
68 silly audit   'caniuse-lite': [ '1.0.30001782' ],
68 silly audit   chownr: [ '3.0.0' ],
68 silly audit   'chrome-launcher': [ '0.15.2' ],
68 silly audit   'chromium-edge-launcher': [ '0.2.0' ],
68 silly audit   'ci-info': [ '2.0.0', '3.9.0' ],
68 silly audit   'cli-cursor': [ '2.1.0' ],
68 silly audit   'cli-spinners': [ '2.9.2' ],
68 silly audit   'client-only': [ '0.0.1' ],
68 silly audit   cliui: [ '8.0.1' ],
68 silly audit   clone: [ '1.0.4' ],
68 silly audit   color: [ '4.2.3' ],
68 silly audit   'color-string': [ '1.9.1' ],
68 silly audit   commander: [ '7.2.0', '12.1.0', '4.1.1', '2.20.3' ],
68 silly audit   compressible: [ '2.0.18' ],
68 silly audit   compression: [ '1.8.1' ],
68 silly audit   ms: [ '2.0.0', '2.1.3' ],
68 silly audit   negotiator: [ '0.6.4', '0.6.3' ],
68 silly audit   'concat-map': [ '0.0.1' ],
68 silly audit   connect: [ '3.7.0' ],
68 silly audit   'convert-source-map': [ '2.0.0' ],
68 silly audit   'core-js-compat': [ '3.49.0' ],
68 silly audit   'cross-fetch': [ '3.2.0' ],
68 silly audit   'cross-spawn': [ '7.0.6' ],
68 silly audit   'css-in-js-utils': [ '3.1.0' ],
68 silly audit   csstype: [ '3.2.3' ],
68 silly audit   'data-view-buffer': [ '1.0.2' ],
68 silly audit   'data-view-byte-length': [ '1.0.2' ],
68 silly audit   'data-view-byte-offset': [ '1.0.1' ],
68 silly audit   'decode-uri-component': [ '0.2.2' ],
68 silly audit   'deep-extend': [ '0.6.0' ],
68 silly audit   'deep-is': [ '0.1.4' ],
68 silly audit   deepmerge: [ '4.3.1' ],
68 silly audit   defaults: [ '1.0.4' ],
68 silly audit   'define-data-property': [ '1.1.4' ],
68 silly audit   'define-lazy-prop': [ '2.0.0' ],
68 silly audit   'define-properties': [ '1.2.1' ],
68 silly audit   depd: [ '2.0.0' ],
68 silly audit   destroy: [ '1.2.0' ],
68 silly audit   'detect-libc': [ '2.1.2' ],
68 silly audit   'detect-node-es': [ '1.1.0' ],
68 silly audit   doctrine: [ '2.1.0' ],
68 silly audit   dotenv: [ '16.4.7' ],
68 silly audit   'dotenv-expand': [ '11.0.7' ],
68 silly audit   'dunder-proto': [ '1.0.1' ],
68 silly audit   'ee-first': [ '1.1.1' ],
68 silly audit   'electron-to-chromium': [ '1.5.329' ],
68 silly audit   'emoji-regex': [ '8.0.0' ],
68 silly audit   encodeurl: [ '1.0.2', '2.0.0' ],
68 silly audit   'env-editor': [ '0.4.2' ],
68 silly audit   'error-stack-parser': [ '2.1.4' ],
68 silly audit   'es-abstract': [ '1.24.1' ],
68 silly audit   'es-define-property': [ '1.0.1' ],
68 silly audit   'es-errors': [ '1.3.0' ],
68 silly audit   'es-iterator-helpers': [ '1.3.1' ],
68 silly audit   'es-object-atoms': [ '1.1.1' ],
68 silly audit   'es-set-tostringtag': [ '2.1.0' ],
68 silly audit   'es-shim-unscopables': [ '1.1.0' ],
68 silly audit   'es-to-primitive': [ '1.3.0' ],
68 silly audit   escalade: [ '3.2.0' ],
68 silly audit   'escape-html': [ '1.0.3' ],
68 silly audit   eslint: [ '9.39.4' ],
68 silly audit   'eslint-config-expo': [ '10.0.0' ],
68 silly audit   globals: [ '16.5.0', '14.0.0' ],
68 silly audit   'eslint-import-resolver-node': [ '0.3.9' ],
68 silly audit   'eslint-import-resolver-typescript': [ '3.10.1' ],
68 silly audit   'eslint-module-utils': [ '2.12.1' ],
68 silly audit   'eslint-plugin-expo': [ '1.0.0' ],
68 silly audit   'eslint-plugin-import': [ '2.32.0' ],
68 silly audit   'eslint-plugin-react': [ '7.37.5' ],
68 silly audit   'eslint-plugin-react-hooks': [ '5.2.0' ],
68 silly audit   resolve: [ '2.0.0-next.6', '1.7.1', '1.22.11' ],
68 silly audit   'eslint-scope': [ '8.4.0' ],
68 silly audit   espree: [ '10.4.0' ],
68 silly audit   esprima: [ '4.0.1' ],
68 silly audit   esquery: [ '1.7.0' ],
68 silly audit   esrecurse: [ '4.3.0' ],
68 silly audit   estraverse: [ '5.3.0' ],
68 silly audit   esutils: [ '2.0.3' ],
68 silly audit   etag: [ '1.8.1' ],
68 silly audit   'event-target-shim': [ '5.0.1' ],
68 silly audit   expo: [ '54.0.33' ],
68 silly audit   'expo-asset': [ '12.0.12' ],
68 silly audit   'expo-constants': [ '18.0.13' ],
68 silly audit   'expo-file-system': [ '19.0.21' ],
68 silly audit   'expo-font': [ '14.0.11' ],
68 silly audit   'expo-haptics': [ '15.0.8' ],
68 silly audit   'expo-image': [ '3.0.11' ],
68 silly audit   'expo-keep-awake': [ '15.0.8' ],
68 silly audit   'expo-linking': [ '8.0.11' ],
68 silly audit   'expo-modules-autolinking': [ '3.0.24' ],
68 silly audit   'expo-modules-core': [ '3.0.29' ],
68 silly audit   'expo-router': [ '6.0.23' ],
68 silly audit   '@radix-ui/react-collection': [ '1.1.7' ],
68 silly audit   '@radix-ui/react-presence': [ '1.1.5' ],
68 silly audit   '@radix-ui/react-primitive': [ '2.1.3' ],
68 silly audit   '@radix-ui/react-roving-focus': [ '1.1.11' ],
68 silly audit   '@radix-ui/react-tabs': [ '1.1.13' ],
68 silly audit   'expo-server': [ '1.0.5' ],
68 silly audit   'expo-splash-screen': [ '31.0.13' ],
68 silly audit   'expo-status-bar': [ '3.0.9' ],
68 silly audit   'expo-symbols': [ '1.0.8' ],
68 silly audit   'expo-system-ui': [ '6.0.9' ],
68 silly audit   'expo-web-browser': [ '15.0.10' ],
68 silly audit   '@expo/cli': [ '54.0.23' ],
68 silly audit   picomatch: [ '3.0.2', '2.3.2', '4.0.4' ],
68 silly audit   'exponential-backoff': [ '3.1.3' ],
68 silly audit   'fast-deep-equal': [ '3.1.3' ],
68 silly audit   'fast-json-stable-stringify': [ '2.1.0' ],
68 silly audit   'fast-levenshtein': [ '2.0.6' ],
68 silly audit   'fb-watchman': [ '2.0.2' ],
68 silly audit   fbjs: [ '3.0.5' ],
68 silly audit   'fbjs-css-vars': [ '1.0.2' ],
68 silly audit   promise: [ '7.3.1', '8.3.0' ],
68 silly audit   'file-entry-cache': [ '8.0.0' ],
68 silly audit   'fill-range': [ '7.1.1' ],
68 silly audit   'filter-obj': [ '1.1.0' ],
68 silly audit   finalhandler: [ '1.1.2' ],
68 silly audit   'flat-cache': [ '4.0.1' ],
68 silly audit   flatted: [ '3.4.2' ],
68 silly audit   'flow-enums-runtime': [ '0.0.6' ],
68 silly audit   fontfaceobserver: [ '2.3.0' ],
68 silly audit   'for-each': [ '0.3.5' ],
68 silly audit   'freeport-async': [ '2.0.0' ],
68 silly audit   fresh: [ '0.5.2' ],
68 silly audit   'fs.realpath': [ '1.0.0' ],
68 silly audit   fsevents: [ '2.3.3' ],
68 silly audit   'function-bind': [ '1.1.2' ],
68 silly audit   'function.prototype.name': [ '1.1.8' ],
68 silly audit   'functions-have-names': [ '1.2.3' ],
68 silly audit   'generator-function': [ '2.0.1' ],
68 silly audit   gensync: [ '1.0.0-beta.2' ],
68 silly audit   'get-caller-file': [ '2.0.5' ],
68 silly audit   'get-intrinsic': [ '1.3.0' ],
68 silly audit   'get-nonce': [ '1.0.1' ],
68 silly audit   'get-package-type': [ '0.1.0' ],
68 silly audit   'get-proto': [ '1.0.1' ],
68 silly audit   'get-symbol-description': [ '1.1.0' ],
68 silly audit   'get-tsconfig': [ '4.13.7' ],
68 silly audit   getenv: [ '2.0.0' ],
68 silly audit   'glob-parent': [ '6.0.2' ],
68 silly audit   globalthis: [ '1.0.4' ],
68 silly audit   gopd: [ '1.2.0' ],
68 silly audit   'graceful-fs': [ '4.2.11' ],
68 silly audit   'has-bigints': [ '1.1.0' ],
68 silly audit   'has-property-descriptors': [ '1.0.2' ],
68 silly audit   'has-proto': [ '1.2.0' ],
68 silly audit   'has-symbols': [ '1.1.0' ],
68 silly audit   'has-tostringtag': [ '1.0.2' ],
68 silly audit   hasown: [ '2.0.2' ],
68 silly audit   'hermes-estree': [ '0.29.1', '0.32.0' ],
68 silly audit   'hermes-parser': [ '0.29.1', '0.32.0' ],
68 silly audit   'hoist-non-react-statics': [ '3.3.2' ],
68 silly audit   'react-is': [ '16.13.1', '18.3.1', '19.2.4' ],
68 silly audit   'hosted-git-info': [ '7.0.2' ],
68 silly audit   'lru-cache': [ '10.4.3', '5.1.1', '11.2.7' ],
68 silly audit   'http-errors': [ '2.0.1' ],
68 silly audit   statuses: [ '2.0.2', '1.5.0' ],
68 silly audit   'https-proxy-agent': [ '7.0.6' ],
68 silly audit   'hyphenate-style-name': [ '1.1.0' ],
68 silly audit   ieee754: [ '1.2.1' ],
68 silly audit   'image-size': [ '1.2.1' ],
68 silly audit   'import-fresh': [ '3.3.1' ],
68 silly audit   'resolve-from': [ '4.0.0', '5.0.0' ],
68 silly audit   imurmurhash: [ '0.1.4' ],
68 silly audit   inflight: [ '1.0.6' ],
68 silly audit   inherits: [ '2.0.4' ],
68 silly audit   ini: [ '1.3.8' ],
68 silly audit   'inline-style-prefixer': [ '7.0.1' ],
68 silly audit   'internal-slot': [ '1.1.0' ],
68 silly audit   invariant: [ '2.2.4' ],
68 silly audit   'is-array-buffer': [ '3.0.5' ],
68 silly audit   'is-arrayish': [ '0.3.4' ],
68 silly audit   'is-async-function': [ '2.1.1' ],
68 silly audit   'is-bigint': [ '1.1.0' ],
68 silly audit   'is-boolean-object': [ '1.2.2' ],
68 silly audit   'is-bun-module': [ '2.0.0' ],
68 silly audit   'is-callable': [ '1.2.7' ],
68 silly audit   'is-core-module': [ '2.16.1' ],
68 silly audit   'is-data-view': [ '1.0.2' ],
68 silly audit   'is-date-object': [ '1.1.0' ],
68 silly audit   'is-docker': [ '2.2.1' ],
68 silly audit   'is-extglob': [ '2.1.1' ],
68 silly audit   'is-finalizationregistry': [ '1.1.1' ],
68 silly audit   'is-fullwidth-code-point': [ '3.0.0' ],
68 silly audit   'is-generator-function': [ '1.1.2' ],
68 silly audit   'is-glob': [ '4.0.3' ],
68 silly audit   'is-map': [ '2.0.3' ],
68 silly audit   'is-negative-zero': [ '2.0.3' ],
68 silly audit   'is-number': [ '7.0.0' ],
68 silly audit   'is-number-object': [ '1.1.1' ],
68 silly audit   'is-regex': [ '1.2.1' ],
68 silly audit   'is-set': [ '2.0.3' ],
68 silly audit   'is-shared-array-buffer': [ '1.0.4' ],
68 silly audit   'is-string': [ '1.1.1' ],
68 silly audit   'is-symbol': [ '1.1.1' ],
68 silly audit   'is-typed-array': [ '1.1.15' ],
68 silly audit   'is-weakmap': [ '2.0.2' ],
68 silly audit   'is-weakref': [ '1.1.1' ],
68 silly audit   'is-weakset': [ '2.0.4' ],
68 silly audit   'is-wsl': [ '2.2.0' ],
68 silly audit   isarray: [ '2.0.5' ],
68 silly audit   isexe: [ '2.0.0' ],
68 silly audit   'istanbul-lib-coverage': [ '3.2.2' ],
68 silly audit   'istanbul-lib-instrument': [ '5.2.1' ],
68 silly audit   'iterator.prototype': [ '1.1.5' ],
68 silly audit   'jest-environment-node': [ '29.7.0' ],
68 silly audit   'jest-get-type': [ '29.6.3' ],
68 silly audit   'jest-haste-map': [ '29.7.0' ],
68 silly audit   'jest-message-util': [ '29.7.0' ],
68 silly audit   'jest-mock': [ '29.7.0' ],
68 silly audit   'jest-regex-util': [ '29.6.3' ],
68 silly audit   'jest-util': [ '29.7.0' ],
68 silly audit   'jest-validate': [ '29.7.0' ],
68 silly audit   'jest-worker': [ '29.7.0' ],
68 silly audit   'jimp-compact': [ '0.16.1' ],
68 silly audit   'js-tokens': [ '4.0.0' ],
68 silly audit   'jsc-safe-url': [ '0.2.4' ],
68 silly audit   jsesc: [ '3.1.0' ],
68 silly audit   'json-buffer': [ '3.0.1' ],
68 silly audit   'json-schema-traverse': [ '0.4.1' ],
68 silly audit   'json-stable-stringify-without-jsonify': [ '1.0.1' ],
68 silly audit   json5: [ '2.2.3', '1.0.2' ],
68 silly audit   'jsx-ast-utils': [ '3.3.5' ],
68 silly audit   keyv: [ '4.5.4' ],
68 silly audit   kleur: [ '3.0.3' ],
68 silly audit   'lan-network': [ '0.1.7' ],
68 silly audit   leven: [ '3.1.0' ],
68 silly audit   levn: [ '0.4.1' ],
68 silly audit   'lighthouse-logger': [ '1.4.2' ],
68 silly audit   lightningcss: [ '1.32.0' ],
68 silly audit   'lightningcss-android-arm64': [ '1.32.0' ],
68 silly audit   'lightningcss-darwin-arm64': [ '1.32.0' ],
68 silly audit   'lightningcss-darwin-x64': [ '1.32.0' ],
68 silly audit   'lightningcss-freebsd-x64': [ '1.32.0' ],
68 silly audit   'lightningcss-linux-arm-gnueabihf': [ '1.32.0' ],
68 silly audit   'lightningcss-linux-arm64-gnu': [ '1.32.0' ],
68 silly audit   'lightningcss-linux-arm64-musl': [ '1.32.0' ],
68 silly audit   'lightningcss-linux-x64-gnu': [ '1.32.0' ],
68 silly audit   'lightningcss-linux-x64-musl': [ '1.32.0' ],
68 silly audit   'lightningcss-win32-arm64-msvc': [ '1.32.0' ],
68 silly audit   'lightningcss-win32-x64-msvc': [ '1.32.0' ],
68 silly audit   'lines-and-columns': [ '1.2.4' ],
68 silly audit   'lodash.debounce': [ '4.0.8' ],
68 silly audit   'lodash.merge': [ '4.6.2' ],
68 silly audit   'lodash.throttle': [ '4.1.1' ],
68 silly audit   'log-symbols': [ '2.2.0' ],
68 silly audit   'loose-envify': [ '1.4.0' ],
68 silly audit   makeerror: [ '1.0.12' ],
68 silly audit   marky: [ '1.3.0' ],
68 silly audit   'math-intrinsics': [ '1.1.0' ],
68 silly audit   'memoize-one': [ '5.2.1', '6.0.0' ],
68 silly audit   'merge-stream': [ '2.0.0' ],
68 silly audit   metro: [ '0.83.3' ],
68 silly audit   'metro-babel-transformer': [ '0.83.3' ],
68 silly audit   'metro-cache': [ '0.83.3' ],
68 silly audit   'metro-cache-key': [ '0.83.3' ],
68 silly audit   'metro-config': [ '0.83.3' ],
68 silly audit   'metro-core': [ '0.83.3' ],
68 silly audit   'metro-file-map': [ '0.83.3' ],
68 silly audit   'metro-minify-terser': [ '0.83.3' ],
68 silly audit   'metro-resolver': [ '0.83.3' ],
68 silly audit   'metro-runtime': [ '0.83.3' ],
68 silly audit   'metro-source-map': [ '0.83.3' ],
68 silly audit   'metro-symbolicate': [ '0.83.3' ],
68 silly audit   'metro-transform-plugins': [ '0.83.3' ],
68 silly audit   'metro-transform-worker': [ '0.83.3' ],
68 silly audit   micromatch: [ '4.0.8' ],
68 silly audit   mime: [ '1.6.0' ],
68 silly audit   'mime-db': [ '1.52.0' ],
68 silly audit   'mime-types': [ '2.1.35' ],
68 silly audit   'mimic-fn': [ '1.2.0' ],
68 silly audit   minimist: [ '1.2.8' ],
68 silly audit   minipass: [ '7.1.3' ],
68 silly audit   minizlib: [ '3.1.0' ],
68 silly audit   mkdirp: [ '1.0.4' ],
68 silly audit   mz: [ '2.7.0' ],
68 silly audit   nanoid: [ '3.3.11' ],
68 silly audit   'napi-postinstall': [ '0.3.4' ],
68 silly audit   'natural-compare': [ '1.4.0' ],
68 silly audit   'nested-error-stacks': [ '2.0.1' ],
68 silly audit   'node-exports-info': [ '1.6.0' ],
68 silly audit   'node-fetch': [ '2.7.0' ],
68 silly audit   'node-forge': [ '1.4.0' ],
68 silly audit   'node-int64': [ '0.4.0' ],
68 silly audit   'node-releases': [ '2.0.36' ],
68 silly audit   'normalize-path': [ '3.0.0' ],
68 silly audit   'npm-package-arg': [ '11.0.3' ],
68 silly audit   nullthrows: [ '1.1.1' ],
68 silly audit   ob1: [ '0.83.3' ],
68 silly audit   'object-assign': [ '4.1.1' ],
68 silly audit   'object-inspect': [ '1.13.4' ],
68 silly audit   'object-keys': [ '1.1.1' ],
68 silly audit   'object.assign': [ '4.1.7' ],
68 silly audit   'object.entries': [ '1.1.9' ],
68 silly audit   'object.fromentries': [ '2.0.8' ],
68 silly audit   'object.groupby': [ '1.0.3' ],
68 silly audit   'object.values': [ '1.2.1' ],
68 silly audit   'on-finished': [ '2.3.0', '2.4.1' ],
68 silly audit   'on-headers': [ '1.1.0' ],
68 silly audit   once: [ '1.4.0' ],
68 silly audit   onetime: [ '2.0.1' ],
68 silly audit   optionator: [ '0.9.4' ],
68 silly audit   ora: [ '3.4.0' ],
68 silly audit   'strip-ansi': [ '5.2.0', '6.0.1' ],
68 silly audit   'own-keys': [ '1.0.1' ],
68 silly audit   'p-try': [ '2.2.0' ],
68 silly audit   'parent-module': [ '1.0.1' ],
68 silly audit   'parse-png': [ '2.1.0' ],
68 silly audit   parseurl: [ '1.3.3' ],
68 silly audit   'path-exists': [ '4.0.0' ],
68 silly audit   'path-is-absolute': [ '1.0.1' ],
68 silly audit   'path-key': [ '3.1.1' ],
68 silly audit   'path-parse': [ '1.0.7' ],
68 silly audit   'path-scurry': [ '2.0.2' ],
68 silly audit   picocolors: [ '1.1.1' ],
68 silly audit   pirates: [ '4.0.7' ],
68 silly audit   plist: [ '3.1.0' ],
68 silly audit   pngjs: [ '3.4.0' ],
68 silly audit   'possible-typed-array-names': [ '1.1.0' ],
68 silly audit   postcss: [ '8.4.49' ],
68 silly audit   'postcss-value-parser': [ '4.2.0' ],
68 silly audit   'prelude-ls': [ '1.2.1' ],
68 silly audit   'pretty-bytes': [ '5.6.0' ],
68 silly audit   'pretty-format': [ '29.7.0' ],
68 silly audit   'proc-log': [ '4.2.0' ],
68 silly audit   progress: [ '2.0.3' ],
68 silly audit   prompts: [ '2.4.2' ],
68 silly audit   'prop-types': [ '15.8.1' ],
68 silly audit   punycode: [ '2.3.1' ],
68 silly audit   'qrcode-terminal': [ '0.11.0' ],
68 silly audit   'query-string': [ '7.1.3' ],
68 silly audit   queue: [ '6.0.2' ],
68 silly audit   'range-parser': [ '1.2.1' ],
68 silly audit   rc: [ '1.2.8' ],
68 silly audit   'strip-json-comments': [ '2.0.1', '3.1.1' ],
68 silly audit   react: [ '19.1.0' ],
68 silly audit   'react-devtools-core': [ '6.1.5' ],
68 silly audit   'react-dom': [ '19.1.0' ],
68 silly audit   'react-fast-compare': [ '3.2.2' ],
68 silly audit   'react-freeze': [ '1.0.4' ],
68 silly audit   'react-native': [ '0.81.5' ],
68 silly audit   'react-native-gesture-handler': [ '2.28.0' ],
68 silly audit   'react-native-is-edge-to-edge': [ '1.3.1' ],
68 silly audit   'react-native-reanimated': [ '4.1.7' ],
68 silly audit   'react-native-safe-area-context': [ '5.6.2' ],
68 silly audit   'react-native-screens': [ '4.16.0' ],
68 silly audit   'react-native-web': [ '0.21.2' ],
68 silly audit   'react-native-worklets': [ '0.5.1' ],
68 silly audit   '@react-native/virtualized-lists': [ '0.81.5' ],
68 silly audit   'react-refresh': [ '0.14.2' ],
68 silly audit   'react-remove-scroll': [ '2.7.2' ],
68 silly audit   'react-remove-scroll-bar': [ '2.3.8' ],
68 silly audit   'react-style-singleton': [ '2.2.3' ],
68 silly audit   'reflect.getprototypeof': [ '1.0.10' ],
68 silly audit   regenerate: [ '1.4.2' ],
68 silly audit   'regenerate-unicode-properties': [ '10.2.2' ],
68 silly audit   'regenerator-runtime': [ '0.13.11' ],
68 silly audit   'regexp.prototype.flags': [ '1.5.4' ],
68 silly audit   'regexpu-core': [ '6.4.0' ],
68 silly audit   regjsgen: [ '0.8.0' ],
68 silly audit   regjsparser: [ '0.13.0' ],
68 silly audit   'require-directory': [ '2.1.1' ],
68 silly audit   'require-from-string': [ '2.0.2' ],
68 silly audit   requireg: [ '0.2.2' ],
68 silly audit   'resolve-pkg-maps': [ '1.0.0' ],
68 silly audit   'resolve-workspace-root': [ '2.0.1' ],
68 silly audit   'resolve.exports': [ '2.0.3' ],
68 silly audit   'restore-cursor': [ '2.0.0' ],
68 silly audit   rimraf: [ '3.0.2' ],
68 silly audit   'safe-array-concat': [ '1.1.3' ],
68 silly audit   'safe-buffer': [ '5.2.1' ],
68 silly audit   'safe-push-apply': [ '1.0.0' ],
68 silly audit   'safe-regex-test': [ '1.1.0' ],
68 silly audit   sax: [ '1.6.0' ],
68 silly audit   scheduler: [ '0.26.0' ],
68 silly audit   send: [ '0.19.2' ],
68 silly audit   'serialize-error': [ '2.1.0' ],
68 silly audit   'serve-static': [ '1.16.3' ],
68 silly audit   'server-only': [ '0.0.1' ],
68 silly audit   'set-function-length': [ '1.2.2' ],
68 silly audit   'set-function-name': [ '2.0.2' ],
68 silly audit   'set-proto': [ '1.0.0' ],
68 silly audit   setimmediate: [ '1.0.5' ],
68 silly audit   setprototypeof: [ '1.2.0' ],
68 silly audit   'sf-symbols-typescript': [ '2.2.0' ],
68 silly audit   shallowequal: [ '1.1.0' ],
68 silly audit   'shebang-command': [ '2.0.0' ],
68 silly audit   'shebang-regex': [ '3.0.0' ],
68 silly audit   'shell-quote': [ '1.8.3' ],
68 silly audit   'side-channel': [ '1.1.0' ],
68 silly audit   'side-channel-list': [ '1.0.0' ],
68 silly audit   'side-channel-map': [ '1.0.1' ],
68 silly audit   'side-channel-weakmap': [ '1.0.2' ],
68 silly audit   'signal-exit': [ '3.0.7' ],
68 silly audit   'simple-plist': [ '1.3.1' ],
68 silly audit   'simple-swizzle': [ '0.2.4' ],
68 silly audit   sisteransi: [ '1.0.5' ],
68 silly audit   slash: [ '3.0.0' ],
68 silly audit   slugify: [ '1.6.8' ],
68 silly audit   'source-map': [ '0.5.7', '0.6.1' ],
68 silly audit   'source-map-js': [ '1.2.1' ],
68 silly audit   'source-map-support': [ '0.5.21' ],
68 silly audit   'split-on-first': [ '1.1.0' ],
68 silly audit   'sprintf-js': [ '1.0.3' ],
68 silly audit   'stable-hash': [ '0.0.5' ],
68 silly audit   'stack-utils': [ '2.0.6' ],
68 silly audit   stackframe: [ '1.3.4' ],
68 silly audit   'stacktrace-parser': [ '0.1.11' ],
68 silly audit   'stop-iteration-iterator': [ '1.1.0' ],
68 silly audit   'stream-buffers': [ '2.2.0' ],
68 silly audit   'strict-uri-encode': [ '2.0.0' ],
68 silly audit   'string-width': [ '4.2.3' ],
68 silly audit   'string.prototype.matchall': [ '4.0.12' ],
68 silly audit   'string.prototype.repeat': [ '1.0.0' ],
68 silly audit   'string.prototype.trim': [ '1.2.10' ],
68 silly audit   'string.prototype.trimend': [ '1.0.9' ],
68 silly audit   'string.prototype.trimstart': [ '1.0.8' ],
68 silly audit   'strip-bom': [ '3.0.0' ],
68 silly audit   'structured-headers': [ '0.4.1' ],
68 silly audit   styleq: [ '0.1.3' ],
68 silly audit   sucrase: [ '3.35.1' ],
68 silly audit   'supports-hyperlinks': [ '2.3.0' ],
68 silly audit   'supports-preserve-symlinks-flag': [ '1.0.0' ],
68 silly audit   tar: [ '7.5.13' ],
68 silly audit   yallist: [ '5.0.0', '3.1.1' ],
68 silly audit   'terminal-link': [ '2.1.1' ],
68 silly audit   terser: [ '5.46.1' ],
68 silly audit   'test-exclude': [ '6.0.0' ],
68 silly audit   thenify: [ '3.3.1' ],
68 silly audit   'thenify-all': [ '1.6.0' ],
68 silly audit   throat: [ '5.0.0' ],
68 silly audit   tinyglobby: [ '0.2.15' ],
68 silly audit   fdir: [ '6.5.0' ],
68 silly audit   tmpl: [ '1.0.5' ],
68 silly audit   'to-regex-range': [ '5.0.1' ],
68 silly audit   toidentifier: [ '1.0.1' ],
68 silly audit   tr46: [ '0.0.3' ],
68 silly audit   'ts-api-utils': [ '2.5.0' ],
68 silly audit   'ts-interface-checker': [ '0.1.13' ],
68 silly audit   'tsconfig-paths': [ '3.15.0' ],
68 silly audit   tslib: [ '2.8.1' ],
68 silly audit   'type-check': [ '0.4.0' ],
68 silly audit   'type-detect': [ '4.0.8' ],
68 silly audit   'typed-array-buffer': [ '1.0.3' ],
68 silly audit   'typed-array-byte-length': [ '1.0.3' ],
68 silly audit   'typed-array-byte-offset': [ '1.0.4' ],
68 silly audit   'typed-array-length': [ '1.0.7' ],
68 silly audit   typescript: [ '5.9.3' ],
68 silly audit   'ua-parser-js': [ '1.0.41' ],
68 silly audit   'unbox-primitive': [ '1.1.0' ],
68 silly audit   undici: [ '6.24.1' ],
68 silly audit   'undici-types': [ '7.18.2' ],
68 silly audit   'unicode-canonical-property-names-ecmascript': [ '2.0.1' ],
68 silly audit   'unicode-match-property-ecmascript': [ '2.0.0' ],
68 silly audit   'unicode-match-property-value-ecmascript': [ '2.2.1' ],
68 silly audit   'unicode-property-aliases-ecmascript': [ '2.2.0' ],
68 silly audit   unpipe: [ '1.0.0' ],
68 silly audit   'unrs-resolver': [ '1.11.1' ],
68 silly audit   'update-browserslist-db': [ '1.2.3' ],
68 silly audit   'uri-js': [ '4.4.1' ],
68 silly audit   'use-callback-ref': [ '1.3.3' ],
68 silly audit   'use-latest-callback': [ '0.2.6' ],
68 silly audit   'use-sidecar': [ '1.1.3' ],
68 silly audit   'use-sync-external-store': [ '1.6.0' ],
68 silly audit   'utils-merge': [ '1.0.1' ],
68 silly audit   uuid: [ '7.0.3' ],
68 silly audit   'validate-npm-package-name': [ '5.0.1' ],
68 silly audit   vary: [ '1.1.2' ],
68 silly audit   vaul: [ '1.1.2' ],
68 silly audit   '@radix-ui/react-dialog': [ '1.1.15' ],
68 silly audit   '@radix-ui/react-dismissable-layer': [ '1.1.11' ],
68 silly audit   '@radix-ui/react-focus-scope': [ '1.1.7' ],
68 silly audit   '@radix-ui/react-portal': [ '1.1.9' ],
68 silly audit   vlq: [ '1.0.1' ],
68 silly audit   walker: [ '1.0.8' ],
68 silly audit   'warn-once': [ '0.1.1' ],
68 silly audit   wcwidth: [ '1.0.1' ],
68 silly audit   'webidl-conversions': [ '3.0.1', '5.0.0' ],
68 silly audit   'whatwg-fetch': [ '3.6.20' ],
68 silly audit   'whatwg-url': [ '5.0.0' ],
68 silly audit   'whatwg-url-without-unicode': [ '8.0.0-3' ],
68 silly audit   which: [ '2.0.2' ],
68 silly audit   'which-boxed-primitive': [ '1.1.1' ],
68 silly audit   'which-builtin-type': [ '1.2.1' ],
68 silly audit   'which-collection': [ '1.0.2' ],
68 silly audit   'which-typed-array': [ '1.1.20' ],
68 silly audit   wonka: [ '6.3.6' ],
68 silly audit   'word-wrap': [ '1.2.5' ],
68 silly audit   'wrap-ansi': [ '7.0.0' ],
68 silly audit   wrappy: [ '1.0.2' ],
68 silly audit   'write-file-atomic': [ '4.0.2' ],
68 silly audit   xcode: [ '3.0.1' ],
68 silly audit   xml2js: [ '0.6.0' ],
68 silly audit   xmlbuilder: [ '11.0.1', '15.1.1' ],
68 silly audit   y18n: [ '5.0.8' ],
68 silly audit   yaml: [ '2.8.3' ],
68 silly audit   yargs: [ '17.7.2' ],
68 silly audit   'yargs-parser': [ '21.1.1' ],
68 silly audit   'yocto-queue': [ '0.1.0' ],
68 silly audit   '@react-native-async-storage/async-storage': [ '2.2.0' ],
68 silly audit   'merge-options': [ '3.0.4' ],
68 silly audit   'is-plain-obj': [ '2.1.0' ]
68 silly audit }
69 verbose reify failed optional dependency D:\react-demo\node_modules\lightningcss-win32-arm64-msvc
70 silly reify mark deleted [ 'D:\\react-demo\\node_modules\\lightningcss-win32-arm64-msvc' ]
71 verbose reify failed optional dependency D:\react-demo\node_modules\lightningcss-linux-x64-musl
72 silly reify mark deleted [ 'D:\\react-demo\\node_modules\\lightningcss-linux-x64-musl' ]
73 verbose reify failed optional dependency D:\react-demo\node_modules\lightningcss-linux-x64-gnu
74 silly reify mark deleted [ 'D:\\react-demo\\node_modules\\lightningcss-linux-x64-gnu' ]
75 verbose reify failed optional dependency D:\react-demo\node_modules\lightningcss-linux-arm64-musl
76 silly reify mark deleted [ 'D:\\react-demo\\node_modules\\lightningcss-linux-arm64-musl' ]
77 verbose reify failed optional dependency D:\react-demo\node_modules\lightningcss-linux-arm64-gnu
78 silly reify mark deleted [ 'D:\\react-demo\\node_modules\\lightningcss-linux-arm64-gnu' ]
79 verbose reify failed optional dependency D:\react-demo\node_modules\lightningcss-linux-arm-gnueabihf
80 silly reify mark deleted [ 'D:\\react-demo\\node_modules\\lightningcss-linux-arm-gnueabihf' ]
81 verbose reify failed optional dependency D:\react-demo\node_modules\lightningcss-freebsd-x64
82 silly reify mark deleted [ 'D:\\react-demo\\node_modules\\lightningcss-freebsd-x64' ]
83 verbose reify failed optional dependency D:\react-demo\node_modules\lightningcss-darwin-x64
84 silly reify mark deleted [ 'D:\\react-demo\\node_modules\\lightningcss-darwin-x64' ]
85 verbose reify failed optional dependency D:\react-demo\node_modules\lightningcss-darwin-arm64
86 silly reify mark deleted [ 'D:\\react-demo\\node_modules\\lightningcss-darwin-arm64' ]
87 verbose reify failed optional dependency D:\react-demo\node_modules\lightningcss-android-arm64
88 silly reify mark deleted [ 'D:\\react-demo\\node_modules\\lightningcss-android-arm64' ]
89 verbose reify failed optional dependency D:\react-demo\node_modules\fsevents
90 silly reify mark deleted [ 'D:\\react-demo\\node_modules\\fsevents' ]
91 verbose reify failed optional dependency D:\react-demo\node_modules\@unrs\resolver-binding-win32-ia32-msvc
92 silly reify mark deleted [
92 silly reify   'D:\\react-demo\\node_modules\\@unrs\\resolver-binding-win32-ia32-msvc'
92 silly reify ]
93 verbose reify failed optional dependency D:\react-demo\node_modules\@unrs\resolver-binding-win32-arm64-msvc
94 silly reify mark deleted [
94 silly reify   'D:\\react-demo\\node_modules\\@unrs\\resolver-binding-win32-arm64-msvc'
94 silly reify ]
95 verbose reify failed optional dependency D:\react-demo\node_modules\@unrs\resolver-binding-wasm32-wasi
96 silly reify mark deleted [ 'D:\\react-demo\\node_modules\\@unrs\\resolver-binding-wasm32-wasi' ]
97 verbose reify failed optional dependency D:\react-demo\node_modules\@napi-rs\wasm-runtime
98 silly reify mark deleted [ 'D:\\react-demo\\node_modules\\@napi-rs\\wasm-runtime' ]
99 verbose reify failed optional dependency D:\react-demo\node_modules\@emnapi\core
100 silly reify mark deleted [ 'D:\\react-demo\\node_modules\\@emnapi\\core' ]
101 verbose reify failed optional dependency D:\react-demo\node_modules\@emnapi\runtime
102 silly reify mark deleted [ 'D:\\react-demo\\node_modules\\@emnapi\\runtime' ]
103 verbose reify failed optional dependency D:\react-demo\node_modules\@tybys\wasm-util
104 silly reify mark deleted [ 'D:\\react-demo\\node_modules\\@tybys\\wasm-util' ]
105 verbose reify failed optional dependency D:\react-demo\node_modules\@emnapi\wasi-threads
106 silly reify mark deleted [ 'D:\\react-demo\\node_modules\\@emnapi\\wasi-threads' ]
107 verbose reify failed optional dependency D:\react-demo\node_modules\@unrs\resolver-binding-linux-x64-musl
108 silly reify mark deleted [
108 silly reify   'D:\\react-demo\\node_modules\\@unrs\\resolver-binding-linux-x64-musl'
108 silly reify ]
109 verbose reify failed optional dependency D:\react-demo\node_modules\@unrs\resolver-binding-linux-x64-gnu
110 silly reify mark deleted [
110 silly reify   'D:\\react-demo\\node_modules\\@unrs\\resolver-binding-linux-x64-gnu'
110 silly reify ]
111 verbose reify failed optional dependency D:\react-demo\node_modules\@unrs\resolver-binding-linux-s390x-gnu
112 silly reify mark deleted [
112 silly reify   'D:\\react-demo\\node_modules\\@unrs\\resolver-binding-linux-s390x-gnu'
112 silly reify ]
113 verbose reify failed optional dependency D:\react-demo\node_modules\@unrs\resolver-binding-linux-riscv64-musl
114 silly reify mark deleted [
114 silly reify   'D:\\react-demo\\node_modules\\@unrs\\resolver-binding-linux-riscv64-musl'
114 silly reify ]
115 verbose reify failed optional dependency D:\react-demo\node_modules\@unrs\resolver-binding-linux-riscv64-gnu
116 silly reify mark deleted [
116 silly reify   'D:\\react-demo\\node_modules\\@unrs\\resolver-binding-linux-riscv64-gnu'
116 silly reify ]
117 verbose reify failed optional dependency D:\react-demo\node_modules\@unrs\resolver-binding-linux-ppc64-gnu
118 silly reify mark deleted [
118 silly reify   'D:\\react-demo\\node_modules\\@unrs\\resolver-binding-linux-ppc64-gnu'
118 silly reify ]
119 verbose reify failed optional dependency D:\react-demo\node_modules\@unrs\resolver-binding-linux-arm64-musl
120 silly reify mark deleted [
120 silly reify   'D:\\react-demo\\node_modules\\@unrs\\resolver-binding-linux-arm64-musl'
120 silly reify ]
121 verbose reify failed optional dependency D:\react-demo\node_modules\@unrs\resolver-binding-linux-arm64-gnu
122 silly reify mark deleted [
122 silly reify   'D:\\react-demo\\node_modules\\@unrs\\resolver-binding-linux-arm64-gnu'
122 silly reify ]
123 verbose reify failed optional dependency D:\react-demo\node_modules\@unrs\resolver-binding-linux-arm-musleabihf
124 silly reify mark deleted [
124 silly reify   'D:\\react-demo\\node_modules\\@unrs\\resolver-binding-linux-arm-musleabihf'
124 silly reify ]
125 verbose reify failed optional dependency D:\react-demo\node_modules\@unrs\resolver-binding-linux-arm-gnueabihf
126 silly reify mark deleted [
126 silly reify   'D:\\react-demo\\node_modules\\@unrs\\resolver-binding-linux-arm-gnueabihf'
126 silly reify ]
127 verbose reify failed optional dependency D:\react-demo\node_modules\@unrs\resolver-binding-freebsd-x64
128 silly reify mark deleted [ 'D:\\react-demo\\node_modules\\@unrs\\resolver-binding-freebsd-x64' ]
129 verbose reify failed optional dependency D:\react-demo\node_modules\@unrs\resolver-binding-darwin-x64
130 silly reify mark deleted [ 'D:\\react-demo\\node_modules\\@unrs\\resolver-binding-darwin-x64' ]
131 verbose reify failed optional dependency D:\react-demo\node_modules\@unrs\resolver-binding-darwin-arm64
132 silly reify mark deleted [
132 silly reify   'D:\\react-demo\\node_modules\\@unrs\\resolver-binding-darwin-arm64'
132 silly reify ]
133 verbose reify failed optional dependency D:\react-demo\node_modules\@unrs\resolver-binding-android-arm64
134 silly reify mark deleted [
134 silly reify   'D:\\react-demo\\node_modules\\@unrs\\resolver-binding-android-arm64'
134 silly reify ]
135 verbose reify failed optional dependency D:\react-demo\node_modules\@unrs\resolver-binding-android-arm-eabi
136 silly reify mark deleted [
136 silly reify   'D:\\react-demo\\node_modules\\@unrs\\resolver-binding-android-arm-eabi'
136 silly reify ]
137 timing reifyNode:node_modules/lightningcss-win32-arm64-msvc Completed in 7ms
138 timing reifyNode:node_modules/lightningcss-linux-x64-musl Completed in 7ms
139 timing reifyNode:node_modules/lightningcss-linux-x64-gnu Completed in 7ms
140 timing reifyNode:node_modules/lightningcss-linux-arm64-musl Completed in 7ms
141 timing reifyNode:node_modules/lightningcss-linux-arm64-gnu Completed in 7ms
142 timing reifyNode:node_modules/lightningcss-linux-arm-gnueabihf Completed in 7ms
143 timing reifyNode:node_modules/lightningcss-freebsd-x64 Completed in 7ms
144 timing reifyNode:node_modules/lightningcss-darwin-x64 Completed in 7ms
145 timing reifyNode:node_modules/lightningcss-darwin-arm64 Completed in 7ms
146 timing reifyNode:node_modules/lightningcss-android-arm64 Completed in 8ms
147 timing reifyNode:node_modules/fsevents Completed in 8ms
148 timing reifyNode:node_modules/@unrs/resolver-binding-win32-ia32-msvc Completed in 7ms
149 timing reifyNode:node_modules/@unrs/resolver-binding-win32-arm64-msvc Completed in 7ms
150 timing reifyNode:node_modules/@unrs/resolver-binding-wasm32-wasi Completed in 7ms
151 timing reifyNode:node_modules/@unrs/resolver-binding-linux-x64-musl Completed in 7ms
152 timing reifyNode:node_modules/@unrs/resolver-binding-linux-x64-gnu Completed in 7ms
153 timing reifyNode:node_modules/@unrs/resolver-binding-linux-s390x-gnu Completed in 7ms
154 timing reifyNode:node_modules/@unrs/resolver-binding-linux-riscv64-musl Completed in 7ms
155 timing reifyNode:node_modules/@unrs/resolver-binding-linux-riscv64-gnu Completed in 7ms
156 timing reifyNode:node_modules/@unrs/resolver-binding-linux-ppc64-gnu Completed in 7ms
157 timing reifyNode:node_modules/@unrs/resolver-binding-linux-arm64-musl Completed in 7ms
158 timing reifyNode:node_modules/@unrs/resolver-binding-linux-arm64-gnu Completed in 7ms
159 timing reifyNode:node_modules/@unrs/resolver-binding-linux-arm-musleabihf Completed in 7ms
160 timing reifyNode:node_modules/@unrs/resolver-binding-linux-arm-gnueabihf Completed in 7ms
161 timing reifyNode:node_modules/@unrs/resolver-binding-freebsd-x64 Completed in 7ms
162 timing reifyNode:node_modules/@unrs/resolver-binding-darwin-x64 Completed in 7ms
163 timing reifyNode:node_modules/@unrs/resolver-binding-darwin-arm64 Completed in 7ms
164 timing reifyNode:node_modules/@unrs/resolver-binding-android-arm64 Completed in 7ms
165 timing reifyNode:node_modules/@unrs/resolver-binding-android-arm-eabi Completed in 7ms
166 silly tarball no local data for is-plain-obj@https://registry.npmmirror.com/is-plain-obj/-/is-plain-obj-2.1.0.tgz. Extracting by manifest.
167 silly tarball no local data for merge-options@https://registry.npmmirror.com/merge-options/-/merge-options-3.0.4.tgz. Extracting by manifest.
168 silly tarball no local data for @react-native-async-storage/async-storage@https://registry.npmmirror.com/@react-native-async-storage/async-storage/-/async-storage-2.2.0.tgz. Extracting by manifest.
169 silly tarball no local data for @napi-rs/wasm-runtime@https://registry.npmmirror.com/@napi-rs/wasm-runtime/-/wasm-runtime-0.2.12.tgz. Extracting by manifest.
170 silly tarball no local data for @tybys/wasm-util@https://registry.npmmirror.com/@tybys/wasm-util/-/wasm-util-0.10.1.tgz. Extracting by manifest.
171 silly tarball no local data for @emnapi/wasi-threads@https://registry.npmmirror.com/@emnapi/wasi-threads/-/wasi-threads-1.2.0.tgz. Extracting by manifest.
172 silly tarball no local data for @emnapi/core@https://registry.npmmirror.com/@emnapi/core/-/core-1.9.1.tgz. Extracting by manifest.
173 silly tarball no local data for @emnapi/runtime@https://registry.npmmirror.com/@emnapi/runtime/-/runtime-1.9.1.tgz. Extracting by manifest.
174 http fetch POST 404 https://registry.npmmirror.com/-/npm/v1/security/advisories/bulk 75ms
175 silly audit bulk request failed [object Object]
176 http fetch POST 404 https://registry.npmmirror.com/-/npm/v1/security/audits/quick 61ms
177 verbose audit error HttpErrorGeneral: 404 Not Found - POST https://registry.npmmirror.com/-/npm/v1/security/audits/quick - [NOT_IMPLEMENTED] /-/npm/v1/security/* not implemented yet
177 verbose audit error     at C:\Program Files\nodejs\node_gobal\node_modules\npm\node_modules\npm-registry-fetch\lib\check-response.js:95:15
177 verbose audit error     at process.processTicksAndRejections (node:internal/process/task_queues:104:5)
177 verbose audit error     at async [getReport] (C:\Program Files\nodejs\node_gobal\node_modules\npm\node_modules\@npmcli\arborist\lib\audit-report.js:335:21)
177 verbose audit error     at async AuditReport.run (C:\Program Files\nodejs\node_gobal\node_modules\npm\node_modules\@npmcli\arborist\lib\audit-report.js:106:19) {
177 verbose audit error   headers: [Object: null prototype] {
177 verbose audit error     server: [ 'Tengine' ],
177 verbose audit error     date: [ 'Fri, 03 Apr 2026 00:19:41 GMT' ],
177 verbose audit error     'content-type': [ 'application/json' ],
177 verbose audit error     'transfer-encoding': [ 'chunked' ],
177 verbose audit error     connection: [ 'keep-alive' ],
177 verbose audit error     'strict-transport-security': [ 'max-age=5184000' ],
177 verbose audit error     via: [ 'kunlun4.cn9081[,404666]' ],
177 verbose audit error     'timing-allow-origin': [ '*' ],
177 verbose audit error     eagleid: [ '249c5f4b17751755819543975e' ],
177 verbose audit error     'x-fetch-attempts': [ '1' ]
177 verbose audit error   },
177 verbose audit error   statusCode: 404,
177 verbose audit error   code: 'E404',
177 verbose audit error   method: 'POST',
177 verbose audit error   uri: 'https://registry.npmmirror.com/-/npm/v1/security/audits/quick',
177 verbose audit error   body: {
177 verbose audit error     error: '[NOT_IMPLEMENTED] /-/npm/v1/security/* not implemented yet'
177 verbose audit error   },
177 verbose audit error   pkgid: undefined
177 verbose audit error }
178 silly audit error [object Object]
179 timing auditReport:getReport Completed in 419ms
180 silly audit report null
181 timing reify:audit Completed in 419ms
182 http fetch GET 200 https://cdn.npmmirror.com/packages/is-plain-obj/2.1.0/is-plain-obj-2.1.0.tgz 641ms (cache miss)
183 timing reifyNode:node_modules/is-plain-obj Completed in 655ms
184 http fetch GET 200 https://cdn.npmmirror.com/packages/merge-options/3.0.4/merge-options-3.0.4.tgz 738ms (cache miss)
185 timing reifyNode:node_modules/merge-options Completed in 753ms
186 http fetch GET 200 https://cdn.npmmirror.com/packages/%40emnapi/wasi-threads/1.2.0/wasi-threads-1.2.0.tgz 870ms (cache miss)
187 timing reifyNode:node_modules/@emnapi/wasi-threads Completed in 885ms
188 http fetch GET 200 https://cdn.npmmirror.com/packages/%40emnapi/runtime/1.9.1/runtime-1.9.1.tgz 946ms (cache miss)
189 timing reifyNode:node_modules/@emnapi/runtime Completed in 965ms
190 http fetch GET 200 https://cdn.npmmirror.com/packages/%40tybys/wasm-util/0.10.1/wasm-util-0.10.1.tgz 1181ms (cache miss)
191 timing reifyNode:node_modules/@tybys/wasm-util Completed in 1195ms
192 http fetch GET 200 https://cdn.npmmirror.com/packages/%40react-native-async-storage/async-storage/2.2.0/async-storage-2.2.0.tgz 1346ms (cache miss)
193 timing reifyNode:node_modules/@react-native-async-storage/async-storage Completed in 1363ms
194 http fetch GET 200 https://cdn.npmmirror.com/packages/%40emnapi/core/1.9.1/core-1.9.1.tgz 1486ms (cache miss)
195 timing reifyNode:node_modules/@emnapi/core Completed in 1504ms
196 http fetch GET 200 https://cdn.npmmirror.com/packages/%40napi-rs/wasm-runtime/0.2.12/wasm-runtime-0.2.12.tgz 1886ms (cache miss)
197 timing reifyNode:node_modules/@napi-rs/wasm-runtime Completed in 1900ms
198 timing reify:unpack Completed in 1902ms
199 timing reify:unretire Completed in 0ms
200 timing build:queue Completed in 2ms
201 timing build:deps Completed in 3ms
202 timing build Completed in 3ms
203 timing reify:build Completed in 4ms
204 timing reify:trash Completed in 61ms
205 timing reify:save Completed in 547ms
206 timing reify Completed in 6677ms
207 silly ADD node_modules/is-plain-obj
208 silly ADD node_modules/merge-options
209 silly ADD node_modules/@react-native-async-storage/async-storage
210 silly ADD
211 silly ADD
212 silly ADD
213 silly ADD
214 silly ADD
215 silly ADD
216 silly ADD
217 silly ADD
218 silly ADD
219 silly ADD
220 silly ADD
221 silly ADD
222 silly ADD
223 silly ADD
224 silly ADD
225 silly ADD
226 silly ADD
227 silly ADD
228 silly ADD
229 silly ADD
230 silly ADD
231 silly ADD
232 silly ADD
233 silly ADD
234 silly ADD
235 silly ADD
236 silly ADD
237 silly ADD
238 silly ADD
239 silly ADD
240 silly ADD
241 silly ADD
242 silly ADD
243 silly ADD
244 timing command:install Completed in 6689ms
245 notice
245 notice New major version of npm available! 8.19.3 -> 11.12.1
245 notice Changelog: <https://github.com/npm/cli/releases/tag/v11.12.1>
245 notice Run `npm install -g npm@11.12.1` to update!
245 notice
246 verbose exit 0
247 timing npm Completed in 6880ms
248 info ok
